<?xml version="1.0" encoding="UTF-8"?>
<testng-results ignored="0" total="3" passed="3" failed="0" skipped="0">
  <reporter-output>
    <line>
      <![CDATA[hello]]>
    </line>
    <line>
      <![CDATA[helloTest1]]>
    </line>
    <line>
      <![CDATA[hello]]>
    </line>
  </reporter-output>
  <suite started-at="2022-12-07T17:08:51 IST" name="Suite" finished-at="2022-12-07T17:08:51 IST" duration-ms="98">
    <groups>
    </groups>
    <test started-at="2022-12-07T17:08:51 IST" name="Test" finished-at="2022-12-07T17:08:51 IST" duration-ms="98">
      <class name="scripts.Test1">
        <test-method signature="tc1()[pri:0, instance:scripts.Test1@c333c60]" started-at="2022-12-07T17:08:51 IST" name="tc1" finished-at="2022-12-07T17:08:51 IST" duration-ms="3" status="PASS">
          <reporter-output>
            <line>
              <![CDATA[helloTest1]]>
            </line>
          </reporter-output>
        </test-method> <!-- tc1 -->
      </class> <!-- scripts.Test1 -->
      <class name="scripts.Test0">
        <test-method signature="tc1()[pri:0, instance:scripts.Test0@79da8dc5]" started-at="2022-12-07T17:08:51 IST" name="tc1" finished-at="2022-12-07T17:08:51 IST" duration-ms="3" status="PASS">
          <reporter-output>
            <line>
              <![CDATA[hello]]>
            </line>
          </reporter-output>
        </test-method> <!-- tc1 -->
      </class> <!-- scripts.Test0 -->
      <class name="scripts.Test2">
        <test-method signature="tc1()[pri:0, instance:scripts.Test2@4cc8eb05]" started-at="2022-12-07T17:08:51 IST" name="tc1" finished-at="2022-12-07T17:08:51 IST" duration-ms="11" status="PASS">
          <reporter-output>
            <line>
              <![CDATA[hello]]>
            </line>
          </reporter-output>
        </test-method> <!-- tc1 -->
      </class> <!-- scripts.Test2 -->
    </test> <!-- Test -->
  </suite> <!-- Suite -->
</testng-results>
